<?xml version="1.0" encoding="UTF-8"?>
<!-- Generated by org.testng.reporters.JUnitReportReporter -->
<testsuite hostname="DESKTOP-CH584BN" failures="0" tests="5" name="qa.ProjectsJNJ.TestRunner" time="0.462" errors="0" timestamp="2023-08-28T13:57:23 IST" skipped="0">
  <testcase classname="qa.ProjectsJNJ.TestRunner" name="runScenario" time="0.385"/>
  <testcase classname="qa.ProjectsJNJ.TestRunner" name="runScenario" time="0.014"/>
  <testcase classname="qa.ProjectsJNJ.TestRunner" name="runScenario" time="0.015"/>
  <testcase classname="qa.ProjectsJNJ.TestRunner" name="runScenario" time="0.027"/>
  <testcase classname="qa.ProjectsJNJ.TestRunner" name="runScenario" time="0.021"/>
</testsuite> <!-- qa.ProjectsJNJ.TestRunner -->
